<?xml version="1.0" encoding="UTF-8"?>
<!-- Generated by org.testng.reporters.JUnitReportReporter -->
<testsuite hostname="DESKTOP-AJ4AGAI" name="createorgTest.ReadOrgTest" tests="1" failures="0" timestamp="14 Mar 2022 10:51:51 GMT" time="0.017" errors="0">
  <testcase name="readOrgTest" time="0.017" classname="createorgTest.ReadOrgTest"/>
</testsuite> <!-- createorgTest.ReadOrgTest -->
