<?xml version="1.0" encoding="UTF-8"?>
<!-- Generated by org.testng.reporters.JUnitReportReporter -->
<testsuite hostname="DESKTOP-AJ4AGAI" name="createcontactTest.CreateContactTest" tests="2" failures="0" timestamp="14 Mar 2022 07:58:36 GMT" time="0.026" errors="0">
  <testcase name="createContactTest2" time="0.002" classname="createcontactTest.CreateContactTest"/>
  <testcase name="createContactTest" time="0.024" classname="createcontactTest.CreateContactTest"/>
</testsuite> <!-- createcontactTest.CreateContactTest -->
