<?xml version="1.0" encoding="UTF-8"?>
<!-- Generated by org.testng.reporters.JUnitReportReporter -->
<testsuite hostname="DESKTOP-AJ4AGAI" name="createorgTest.CreateOrgTest" tests="1" failures="0" timestamp="16 Mar 2022 06:40:41 GMT" time="0.023" errors="0">
  <testcase name="createOrgTest" time="0.023" classname="createorgTest.CreateOrgTest"/>
</testsuite> <!-- createorgTest.CreateOrgTest -->
